# JRE version: OpenJDK Runtime Environment (17.0+35) (build 17+35-2724)
# Java VM: OpenJDK 64-Bit Server VM (17+35-2724, mixed mode, sharing, tiered, compressed oops, compressed class ptrs, g1 gc, windows-amd64)
GC Precious Log:
 CPUs: 8 total, 8 available
 Memory: 24467M
 Large Page Support: Disabled
 NUMA Support: Disabled
 Compressed Oops: Enabled (Zero based)
 Heap Region Size: 4M
 Heap Min Capacity: 8M
 Heap Initial Capacity: 384M
 Heap Max Capacity: 6120M
 Pre-touch: Disabled
 Parallel Workers: 8
 Concurrent Workers: 2
 Concurrent Refinement Workers: 8
 Periodic GC: Disabled
Heap:
 garbage-first heap   total 139264K, used 66128K [0x0000000681800000, 0x0000000800000000)
  region size 4096K, 10 young (40960K), 1 survivors (4096K)
 Metaspace       used 39029K, committed 39360K, reserved 1089536K
  class space    used 5264K, committed 5440K, reserved 1048576K
GC Heap History (20 events):
Event: 1.120 GC heap before
{Heap before GC invocations=1 (full 0):
 garbage-first heap   total 393216K, used 26103K [0x0000000681800000, 0x0000000800000000)
  region size 4096K, 6 young (24576K), 1 survivors (4096K)
 Metaspace       used 6528K, committed 6720K, reserved 1056768K
  class space    used 643K, committed 704K, reserved 1048576K
}
Event: 1.122 GC heap after
{Heap after GC invocations=2 (full 0):
 garbage-first heap   total 393216K, used 6859K [0x0000000681800000, 0x0000000800000000)
  region size 4096K, 1 young (4096K), 1 survivors (4096K)
 Metaspace       used 6528K, committed 6720K, reserved 1056768K
  class space    used 643K, committed 704K, reserved 1048576K
}
Event: 3.154 GC heap before
{Heap before GC invocations=2 (full 0):
 garbage-first heap   total 393216K, used 88779K [0x0000000681800000, 0x0000000800000000)
  region size 4096K, 22 young (90112K), 1 survivors (4096K)
 Metaspace       used 17384K, committed 17600K, reserved 1064960K
  class space    used 2285K, committed 2368K, reserved 1048576K
}
Event: 3.161 GC heap after
{Heap after GC invocations=3 (full 0):
 garbage-first heap   total 393216K, used 11813K [0x0000000681800000, 0x0000000800000000)
  region size 4096K, 2 young (8192K), 2 survivors (8192K)
 Metaspace       used 17384K, committed 17600K, reserved 1064960K
  class space    used 2285K, committed 2368K, reserved 1048576K
}
Event: 3.646 GC heap before
{Heap before GC invocations=3 (full 0):
 garbage-first heap   total 393216K, used 44581K [0x0000000681800000, 0x0000000800000000)
  region size 4096K, 11 young (45056K), 2 survivors (8192K)
 Metaspace       used 21307K, committed 21504K, reserved 1073152K
  class space    used 2926K, committed 3008K, reserved 1048576K
}
Event: 3.651 GC heap after
{Heap after GC invocations=4 (full 0):
 garbage-first heap   total 393216K, used 13193K [0x0000000681800000, 0x0000000800000000)
  region size 4096K, 2 young (8192K), 2 survivors (8192K)
 Metaspace       used 21307K, committed 21504K, reserved 1073152K
  class space    used 2926K, committed 3008K, reserved 1048576K
}
Event: 4.907 GC heap before
{Heap before GC invocations=5 (full 0):
 garbage-first heap   total 69632K, used 45961K [0x0000000681800000, 0x0000000800000000)
  region size 4096K, 10 young (40960K), 2 survivors (8192K)
 Metaspace       used 27541K, committed 27840K, reserved 1073152K
  class space    used 3621K, committed 3776K, reserved 1048576K
}
Event: 4.913 GC heap after
{Heap after GC invocations=6 (full 0):
 garbage-first heap   total 69632K, used 17050K [0x0000000681800000, 0x0000000800000000)
  region size 4096K, 2 young (8192K), 2 survivors (8192K)
 Metaspace       used 27541K, committed 27840K, reserved 1073152K
  class space    used 3621K, committed 3776K, reserved 1048576K
}
Event: 4.964 GC heap before
{Heap before GC invocations=6 (full 0):
 garbage-first heap   total 69632K, used 21146K [0x0000000681800000, 0x0000000800000000)
  region size 4096K, 3 young (12288K), 2 survivors (8192K)
 Metaspace       used 27986K, committed 28352K, reserved 1081344K
  class space    used 3661K, committed 3840K, reserved 1048576K
}
Event: 4.968 GC heap after
{Heap after GC invocations=7 (full 0):
 garbage-first heap   total 69632K, used 17905K [0x0000000681800000, 0x0000000800000000)
  region size 4096K, 1 young (4096K), 1 survivors (4096K)
 Metaspace       used 27986K, committed 28352K, reserved 1081344K
  class space    used 3661K, committed 3840K, reserved 1048576K
}
Event: 5.288 GC heap before
{Heap before GC invocations=7 (full 0):
 garbage-first heap   total 69632K, used 42481K [0x0000000681800000, 0x0000000800000000)
  region size 4096K, 7 young (28672K), 1 survivors (4096K)
 Metaspace       used 30367K, committed 30656K, reserved 1081344K
  class space    used 4084K, committed 4224K, reserved 1048576K
}
Event: 5.291 GC heap after
{Heap after GC invocations=8 (full 0):
 garbage-first heap   total 69632K, used 19904K [0x0000000681800000, 0x0000000800000000)
  region size 4096K, 1 young (4096K), 1 survivors (4096K)
 Metaspace       used 30367K, committed 30656K, reserved 1081344K
  class space    used 4084K, committed 4224K, reserved 1048576K
}
Event: 5.722 GC heap before
{Heap before GC invocations=8 (full 0):
 garbage-first heap   total 69632K, used 44480K [0x0000000681800000, 0x0000000800000000)
  region size 4096K, 7 young (28672K), 1 survivors (4096K)
 Metaspace       used 32770K, committed 33024K, reserved 1081344K
  class space    used 4578K, committed 4736K, reserved 1048576K
}
Event: 5.727 GC heap after
{Heap after GC invocations=9 (full 0):
 garbage-first heap   total 69632K, used 22977K [0x0000000681800000, 0x0000000800000000)
  region size 4096K, 1 young (4096K), 1 survivors (4096K)
 Metaspace       used 32770K, committed 33024K, reserved 1081344K
  class space    used 4578K, committed 4736K, reserved 1048576K
}
Event: 6.319 GC heap before
{Heap before GC invocations=9 (full 0):
 garbage-first heap   total 69632K, used 43457K [0x0000000681800000, 0x0000000800000000)
  region size 4096K, 7 young (28672K), 1 survivors (4096K)
 Metaspace       used 34148K, committed 34432K, reserved 1081344K
  class space    used 4698K, committed 4864K, reserved 1048576K
}
Event: 6.326 GC heap after
{Heap after GC invocations=10 (full 0):
 garbage-first heap   total 69632K, used 29920K [0x0000000681800000, 0x0000000800000000)
  region size 4096K, 1 young (4096K), 1 survivors (4096K)
 Metaspace       used 34148K, committed 34432K, reserved 1081344K
  class space    used 4698K, committed 4864K, reserved 1048576K
}
Event: 16.526 GC heap before
{Heap before GC invocations=10 (full 0):
 garbage-first heap   total 69632K, used 46304K [0x0000000681800000, 0x0000000800000000)
  region size 4096K, 5 young (20480K), 1 survivors (4096K)
 Metaspace       used 35508K, committed 35776K, reserved 1081344K
  class space    used 4807K, committed 4928K, reserved 1048576K
}
Event: 16.530 GC heap after
{Heap after GC invocations=11 (full 0):
 garbage-first heap   total 233472K, used 31611K [0x0000000681800000, 0x0000000800000000)
  region size 4096K, 1 young (4096K), 1 survivors (4096K)
 Metaspace       used 35508K, committed 35776K, reserved 1081344K
  class space    used 4807K, committed 4928K, reserved 1048576K
}
Event: 18.326 GC heap before
{Heap before GC invocations=11 (full 0):
 garbage-first heap   total 233472K, used 39803K [0x0000000681800000, 0x0000000800000000)
  region size 4096K, 4 young (16384K), 1 survivors (4096K)
 Metaspace       used 35871K, committed 36096K, reserved 1081344K
  class space    used 4858K, committed 4992K, reserved 1048576K
}
Event: 18.337 GC heap after
{Heap after GC invocations=12 (full 0):
 garbage-first heap   total 233472K, used 33360K [0x0000000681800000, 0x0000000800000000)
  region size 4096K, 1 young (4096K), 1 survivors (4096K)
 Metaspace       used 35871K, committed 36096K, reserved 1081344K
  class space    used 4858K, committed 4992K, reserved 1048576K
}

