# JRE version: OpenJDK Runtime Environment (17.0+35) (build 17+35-2724)
# Java VM: OpenJDK 64-Bit Server VM (17+35-2724, mixed mode, sharing, tiered, compressed oops, compressed class ptrs, g1 gc, windows-amd64)
GC Precious Log:
 CPUs: 8 total, 8 available
 Memory: 24467M
 Large Page Support: Disabled
 NUMA Support: Disabled
 Compressed Oops: Enabled (Zero based)
 Heap Region Size: 4M
 Heap Min Capacity: 8M
 Heap Initial Capacity: 384M
 Heap Max Capacity: 6120M
 Pre-touch: Disabled
 Parallel Workers: 8
 Concurrent Workers: 2
 Concurrent Refinement Workers: 8
 Periodic GC: Disabled
Heap:
 garbage-first heap   total 139264K, used 71016K [0x0000000681800000, 0x0000000800000000)
  region size 4096K, 8 young (32768K), 2 survivors (8192K)
 Metaspace       used 40689K, committed 40960K, reserved 1089536K
  class space    used 5233K, committed 5376K, reserved 1048576K
GC Heap History (20 events):
Event: 152.378 GC heap before
{Heap before GC invocations=14 (full 0):
 garbage-first heap   total 139264K, used 90374K [0x0000000681800000, 0x0000000800000000)
  region size 4096K, 15 young (61440K), 3 survivors (12288K)
 Metaspace       used 39591K, committed 39936K, reserved 1089536K
  class space    used 5192K, committed 5376K, reserved 1048576K
}
Event: 152.387 GC heap after
{Heap after GC invocations=15 (full 0):
 garbage-first heap   total 139264K, used 46785K [0x0000000681800000, 0x0000000800000000)
  region size 4096K, 2 young (8192K), 2 survivors (8192K)
 Metaspace       used 39591K, committed 39936K, reserved 1089536K
  class space    used 5192K, committed 5376K, reserved 1048576K
}
Event: 161.041 GC heap before
{Heap before GC invocations=15 (full 0):
 garbage-first heap   total 139264K, used 87745K [0x0000000681800000, 0x0000000800000000)
  region size 4096K, 12 young (49152K), 2 survivors (8192K)
 Metaspace       used 39725K, committed 40064K, reserved 1089536K
  class space    used 5203K, committed 5376K, reserved 1048576K
}
Event: 161.047 GC heap after
{Heap after GC invocations=16 (full 0):
 garbage-first heap   total 139264K, used 46783K [0x0000000681800000, 0x0000000800000000)
  region size 4096K, 2 young (8192K), 2 survivors (8192K)
 Metaspace       used 39725K, committed 40064K, reserved 1089536K
  class space    used 5203K, committed 5376K, reserved 1048576K
}
Event: 170.347 GC heap before
{Heap before GC invocations=16 (full 0):
 garbage-first heap   total 139264K, used 91839K [0x0000000681800000, 0x0000000800000000)
  region size 4096K, 13 young (53248K), 2 survivors (8192K)
 Metaspace       used 39839K, committed 40192K, reserved 1089536K
  class space    used 5204K, committed 5376K, reserved 1048576K
}
Event: 170.352 GC heap after
{Heap after GC invocations=17 (full 0):
 garbage-first heap   total 139264K, used 47331K [0x0000000681800000, 0x0000000800000000)
  region size 4096K, 1 young (4096K), 1 survivors (4096K)
 Metaspace       used 39839K, committed 40192K, reserved 1089536K
  class space    used 5204K, committed 5376K, reserved 1048576K
}
Event: 180.397 GC heap before
{Heap before GC invocations=17 (full 0):
 garbage-first heap   total 139264K, used 96483K [0x0000000681800000, 0x0000000800000000)
  region size 4096K, 13 young (53248K), 1 survivors (4096K)
 Metaspace       used 39930K, committed 40256K, reserved 1089536K
  class space    used 5204K, committed 5376K, reserved 1048576K
}
Event: 180.403 GC heap after
{Heap after GC invocations=18 (full 0):
 garbage-first heap   total 139264K, used 47105K [0x0000000681800000, 0x0000000800000000)
  region size 4096K, 1 young (4096K), 1 survivors (4096K)
 Metaspace       used 39930K, committed 40256K, reserved 1089536K
  class space    used 5204K, committed 5376K, reserved 1048576K
}
Event: 186.124 GC heap before
{Heap before GC invocations=18 (full 0):
 garbage-first heap   total 139264K, used 100353K [0x0000000681800000, 0x0000000800000000)
  region size 4096K, 14 young (57344K), 1 survivors (4096K)
 Metaspace       used 39999K, committed 40320K, reserved 1089536K
  class space    used 5204K, committed 5376K, reserved 1048576K
}
Event: 186.128 GC heap after
{Heap after GC invocations=19 (full 0):
 garbage-first heap   total 139264K, used 47076K [0x0000000681800000, 0x0000000800000000)
  region size 4096K, 1 young (4096K), 1 survivors (4096K)
 Metaspace       used 39999K, committed 40320K, reserved 1089536K
  class space    used 5204K, committed 5376K, reserved 1048576K
}
Event: 739.754 GC heap before
{Heap before GC invocations=19 (full 0):
 garbage-first heap   total 139264K, used 100324K [0x0000000681800000, 0x0000000800000000)
  region size 4096K, 14 young (57344K), 1 survivors (4096K)
 Metaspace       used 40034K, committed 40384K, reserved 1089536K
  class space    used 5204K, committed 5376K, reserved 1048576K
}
Event: 739.761 GC heap after
{Heap after GC invocations=20 (full 0):
 garbage-first heap   total 139264K, used 47103K [0x0000000681800000, 0x0000000800000000)
  region size 4096K, 1 young (4096K), 1 survivors (4096K)
 Metaspace       used 40034K, committed 40384K, reserved 1089536K
  class space    used 5204K, committed 5376K, reserved 1048576K
}
Event: 1146.573 GC heap before
{Heap before GC invocations=20 (full 0):
 garbage-first heap   total 139264K, used 100351K [0x0000000681800000, 0x0000000800000000)
  region size 4096K, 14 young (57344K), 1 survivors (4096K)
 Metaspace       used 40095K, committed 40448K, reserved 1089536K
  class space    used 5204K, committed 5376K, reserved 1048576K
}
Event: 1146.577 GC heap after
{Heap after GC invocations=21 (full 0):
 garbage-first heap   total 139264K, used 48183K [0x0000000681800000, 0x0000000800000000)
  region size 4096K, 1 young (4096K), 1 survivors (4096K)
 Metaspace       used 40095K, committed 40448K, reserved 1089536K
  class space    used 5204K, committed 5376K, reserved 1048576K
}
Event: 1190.327 GC heap before
{Heap before GC invocations=21 (full 0):
 garbage-first heap   total 139264K, used 105527K [0x0000000681800000, 0x0000000800000000)
  region size 4096K, 15 young (61440K), 1 survivors (4096K)
 Metaspace       used 40127K, committed 40448K, reserved 1089536K
  class space    used 5204K, committed 5376K, reserved 1048576K
}
Event: 1190.331 GC heap after
{Heap after GC invocations=22 (full 0):
 garbage-first heap   total 139264K, used 48243K [0x0000000681800000, 0x0000000800000000)
  region size 4096K, 1 young (4096K), 1 survivors (4096K)
 Metaspace       used 40127K, committed 40448K, reserved 1089536K
  class space    used 5204K, committed 5376K, reserved 1048576K
}
Event: 1223.831 GC heap before
{Heap before GC invocations=22 (full 0):
 garbage-first heap   total 139264K, used 105587K [0x0000000681800000, 0x0000000800000000)
  region size 4096K, 15 young (61440K), 1 survivors (4096K)
 Metaspace       used 40426K, committed 40768K, reserved 1089536K
  class space    used 5224K, committed 5376K, reserved 1048576K
}
Event: 1223.836 GC heap after
{Heap after GC invocations=23 (full 0):
 garbage-first heap   total 139264K, used 48667K [0x0000000681800000, 0x0000000800000000)
  region size 4096K, 1 young (4096K), 1 survivors (4096K)
 Metaspace       used 40426K, committed 40768K, reserved 1089536K
  class space    used 5224K, committed 5376K, reserved 1048576K
}
Event: 1321.378 GC heap before
{Heap before GC invocations=23 (full 0):
 garbage-first heap   total 139264K, used 106011K [0x0000000681800000, 0x0000000800000000)
  region size 4096K, 15 young (61440K), 1 survivors (4096K)
 Metaspace       used 40669K, committed 40960K, reserved 1089536K
  class space    used 5233K, committed 5376K, reserved 1048576K
}
Event: 1321.386 GC heap after
{Heap after GC invocations=24 (full 0):
 garbage-first heap   total 139264K, used 50536K [0x0000000681800000, 0x0000000800000000)
  region size 4096K, 2 young (8192K), 2 survivors (8192K)
 Metaspace       used 40669K, committed 40960K, reserved 1089536K
  class space    used 5233K, committed 5376K, reserved 1048576K
}

