# JRE version: OpenJDK Runtime Environment (17.0+35) (build 17+35-2724)
# Java VM: OpenJDK 64-Bit Server VM (17+35-2724, mixed mode, sharing, tiered, compressed oops, compressed class ptrs, g1 gc, windows-amd64)
GC Precious Log:
 CPUs: 8 total, 8 available
 Memory: 24467M
 Large Page Support: Disabled
 NUMA Support: Disabled
 Compressed Oops: Enabled (Zero based)
 Heap Region Size: 4M
 Heap Min Capacity: 8M
 Heap Initial Capacity: 384M
 Heap Max Capacity: 6120M
 Pre-touch: Disabled
 Parallel Workers: 8
 Concurrent Workers: 2
 Concurrent Refinement Workers: 8
 Periodic GC: Disabled
Heap:
 garbage-first heap   total 139264K, used 84799K [0x0000000681800000, 0x0000000800000000)
  region size 4096K, 8 young (32768K), 2 survivors (8192K)
 Metaspace       used 40105K, committed 40448K, reserved 1089536K
  class space    used 5242K, committed 5440K, reserved 1048576K
GC Heap History (20 events):
Event: 5.864 GC heap before
{Heap before GC invocations=5 (full 0):
 garbage-first heap   total 69632K, used 46056K [0x0000000681800000, 0x0000000800000000)
  region size 4096K, 10 young (40960K), 2 survivors (8192K)
 Metaspace       used 27378K, committed 27648K, reserved 1073152K
  class space    used 3612K, committed 3776K, reserved 1048576K
}
Event: 5.871 GC heap after
{Heap after GC invocations=6 (full 0):
 garbage-first heap   total 69632K, used 17307K [0x0000000681800000, 0x0000000800000000)
  region size 4096K, 2 young (8192K), 2 survivors (8192K)
 Metaspace       used 27378K, committed 27648K, reserved 1073152K
  class space    used 3612K, committed 3776K, reserved 1048576K
}
Event: 5.910 GC heap before
{Heap before GC invocations=6 (full 0):
 garbage-first heap   total 69632K, used 21403K [0x0000000681800000, 0x0000000800000000)
  region size 4096K, 3 young (12288K), 2 survivors (8192K)
 Metaspace       used 27979K, committed 28288K, reserved 1081344K
  class space    used 3662K, committed 3840K, reserved 1048576K
}
Event: 5.914 GC heap after
{Heap after GC invocations=7 (full 0):
 garbage-first heap   total 69632K, used 17652K [0x0000000681800000, 0x0000000800000000)
  region size 4096K, 1 young (4096K), 1 survivors (4096K)
 Metaspace       used 27979K, committed 28288K, reserved 1081344K
  class space    used 3662K, committed 3840K, reserved 1048576K
}
Event: 6.364 GC heap before
{Heap before GC invocations=7 (full 0):
 garbage-first heap   total 69632K, used 42228K [0x0000000681800000, 0x0000000800000000)
  region size 4096K, 7 young (28672K), 1 survivors (4096K)
 Metaspace       used 30345K, committed 30656K, reserved 1081344K
  class space    used 4076K, committed 4224K, reserved 1048576K
}
Event: 6.367 GC heap after
{Heap after GC invocations=8 (full 0):
 garbage-first heap   total 69632K, used 19732K [0x0000000681800000, 0x0000000800000000)
  region size 4096K, 1 young (4096K), 1 survivors (4096K)
 Metaspace       used 30345K, committed 30656K, reserved 1081344K
  class space    used 4076K, committed 4224K, reserved 1048576K
}
Event: 6.753 GC heap before
{Heap before GC invocations=8 (full 0):
 garbage-first heap   total 69632K, used 44308K [0x0000000681800000, 0x0000000800000000)
  region size 4096K, 7 young (28672K), 1 survivors (4096K)
 Metaspace       used 32759K, committed 33088K, reserved 1081344K
  class space    used 4581K, committed 4736K, reserved 1048576K
}
Event: 6.757 GC heap after
{Heap after GC invocations=9 (full 0):
 garbage-first heap   total 69632K, used 22743K [0x0000000681800000, 0x0000000800000000)
  region size 4096K, 1 young (4096K), 1 survivors (4096K)
 Metaspace       used 32759K, committed 33088K, reserved 1081344K
  class space    used 4581K, committed 4736K, reserved 1048576K
}
Event: 7.187 GC heap before
{Heap before GC invocations=9 (full 0):
 garbage-first heap   total 69632K, used 47319K [0x0000000681800000, 0x0000000800000000)
  region size 4096K, 7 young (28672K), 1 survivors (4096K)
 Metaspace       used 34170K, committed 34496K, reserved 1081344K
  class space    used 4703K, committed 4864K, reserved 1048576K
}
Event: 7.194 GC heap after
{Heap after GC invocations=10 (full 0):
 garbage-first heap   total 69632K, used 28931K [0x0000000681800000, 0x0000000800000000)
  region size 4096K, 1 young (4096K), 1 survivors (4096K)
 Metaspace       used 34170K, committed 34496K, reserved 1081344K
  class space    used 4703K, committed 4864K, reserved 1048576K
}
Event: 9.653 GC heap before
{Heap before GC invocations=10 (full 0):
 garbage-first heap   total 69632K, used 45315K [0x0000000681800000, 0x0000000800000000)
  region size 4096K, 5 young (20480K), 1 survivors (4096K)
 Metaspace       used 35273K, committed 35584K, reserved 1081344K
  class space    used 4756K, committed 4928K, reserved 1048576K
}
Event: 9.658 GC heap after
{Heap after GC invocations=11 (full 0):
 garbage-first heap   total 233472K, used 31543K [0x0000000681800000, 0x0000000800000000)
  region size 4096K, 1 young (4096K), 1 survivors (4096K)
 Metaspace       used 35273K, committed 35584K, reserved 1081344K
  class space    used 4756K, committed 4928K, reserved 1048576K
}
Event: 12.388 GC heap before
{Heap before GC invocations=11 (full 0):
 garbage-first heap   total 233472K, used 39735K [0x0000000681800000, 0x0000000800000000)
  region size 4096K, 4 young (16384K), 1 survivors (4096K)
 Metaspace       used 35744K, committed 35968K, reserved 1081344K
  class space    used 4797K, committed 4928K, reserved 1048576K
}
Event: 12.392 GC heap after
{Heap after GC invocations=12 (full 0):
 garbage-first heap   total 233472K, used 31560K [0x0000000681800000, 0x0000000800000000)
  region size 4096K, 1 young (4096K), 1 survivors (4096K)
 Metaspace       used 35744K, committed 35968K, reserved 1081344K
  class space    used 4797K, committed 4928K, reserved 1048576K
}
Event: 69.496 GC heap before
{Heap before GC invocations=13 (full 0):
 garbage-first heap   total 139264K, used 109384K [0x0000000681800000, 0x0000000800000000)
  region size 4096K, 20 young (81920K), 1 survivors (4096K)
 Metaspace       used 39381K, committed 39744K, reserved 1089536K
  class space    used 5230K, committed 5440K, reserved 1048576K
}
Event: 69.505 GC heap after
{Heap after GC invocations=14 (full 0):
 garbage-first heap   total 139264K, used 43366K [0x0000000681800000, 0x0000000800000000)
  region size 4096K, 3 young (12288K), 3 survivors (12288K)
 Metaspace       used 39381K, committed 39744K, reserved 1089536K
  class space    used 5230K, committed 5440K, reserved 1048576K
}
Event: 93.703 GC heap before
{Heap before GC invocations=14 (full 0):
 garbage-first heap   total 139264K, used 92518K [0x0000000681800000, 0x0000000800000000)
  region size 4096K, 15 young (61440K), 3 survivors (12288K)
 Metaspace       used 39897K, committed 40256K, reserved 1089536K
  class space    used 5234K, committed 5440K, reserved 1048576K
}
Event: 93.719 GC heap after
{Heap after GC invocations=15 (full 0):
 garbage-first heap   total 139264K, used 53896K [0x0000000681800000, 0x0000000800000000)
  region size 4096K, 2 young (8192K), 2 survivors (8192K)
 Metaspace       used 39897K, committed 40256K, reserved 1089536K
  class space    used 5234K, committed 5440K, reserved 1048576K
}
Event: 96.470 GC heap before
{Heap before GC invocations=15 (full 0):
 garbage-first heap   total 139264K, used 94856K [0x0000000681800000, 0x0000000800000000)
  region size 4096K, 12 young (49152K), 2 survivors (8192K)
 Metaspace       used 40037K, committed 40384K, reserved 1089536K
  class space    used 5239K, committed 5440K, reserved 1048576K
}
Event: 96.480 GC heap after
{Heap after GC invocations=16 (full 0):
 garbage-first heap   total 139264K, used 64319K [0x0000000681800000, 0x0000000800000000)
  region size 4096K, 2 young (8192K), 2 survivors (8192K)
 Metaspace       used 40037K, committed 40384K, reserved 1089536K
  class space    used 5239K, committed 5440K, reserved 1048576K
}

