# JRE version: OpenJDK Runtime Environment (17.0+35) (build 17+35-2724)
# Java VM: OpenJDK 64-Bit Server VM (17+35-2724, mixed mode, sharing, tiered, compressed oops, compressed class ptrs, g1 gc, windows-amd64)
GC Precious Log:
 CPUs: 8 total, 8 available
 Memory: 24467M
 Large Page Support: Disabled
 NUMA Support: Disabled
 Compressed Oops: Enabled (Zero based)
 Heap Region Size: 4M
 Heap Min Capacity: 8M
 Heap Initial Capacity: 384M
 Heap Max Capacity: 6120M
 Pre-touch: Disabled
 Parallel Workers: 8
 Concurrent Workers: 2
 Concurrent Refinement Workers: 8
 Periodic GC: Disabled
Heap:
 garbage-first heap   total 69632K, used 35363K [0x0000000681800000, 0x0000000800000000)
  region size 4096K, 5 young (20480K), 1 survivors (4096K)
 Metaspace       used 33882K, committed 34176K, reserved 1081344K
  class space    used 4681K, committed 4800K, reserved 1048576K
GC Heap History (16 events):
Event: 0.716 GC heap before
{Heap before GC invocations=0 (full 0):
 garbage-first heap   total 393216K, used 20480K [0x0000000681800000, 0x0000000800000000)
  region size 4096K, 5 young (20480K), 0 survivors (0K)
 Metaspace       used 3878K, committed 4032K, reserved 1056768K
  class space    used 369K, committed 448K, reserved 1048576K
}
Event: 0.720 GC heap after
{Heap after GC invocations=1 (full 0):
 garbage-first heap   total 393216K, used 5598K [0x0000000681800000, 0x0000000800000000)
  region size 4096K, 1 young (4096K), 1 survivors (4096K)
 Metaspace       used 3878K, committed 4032K, reserved 1056768K
  class space    used 369K, committed 448K, reserved 1048576K
}
Event: 1.133 GC heap before
{Heap before GC invocations=1 (full 0):
 garbage-first heap   total 393216K, used 21982K [0x0000000681800000, 0x0000000800000000)
  region size 4096K, 6 young (24576K), 1 survivors (4096K)
 Metaspace       used 6359K, committed 6592K, reserved 1056768K
  class space    used 623K, committed 704K, reserved 1048576K
}
Event: 1.137 GC heap after
{Heap after GC invocations=2 (full 0):
 garbage-first heap   total 393216K, used 6834K [0x0000000681800000, 0x0000000800000000)
  region size 4096K, 1 young (4096K), 1 survivors (4096K)
 Metaspace       used 6359K, committed 6592K, reserved 1056768K
  class space    used 623K, committed 704K, reserved 1048576K
}
Event: 2.951 GC heap before
{Heap before GC invocations=2 (full 0):
 garbage-first heap   total 393216K, used 92850K [0x0000000681800000, 0x0000000800000000)
  region size 4096K, 22 young (90112K), 1 survivors (4096K)
 Metaspace       used 17503K, committed 17792K, reserved 1064960K
  class space    used 2297K, committed 2432K, reserved 1048576K
}
Event: 2.958 GC heap after
{Heap after GC invocations=3 (full 0):
 garbage-first heap   total 393216K, used 11859K [0x0000000681800000, 0x0000000800000000)
  region size 4096K, 2 young (8192K), 2 survivors (8192K)
 Metaspace       used 17503K, committed 17792K, reserved 1064960K
  class space    used 2297K, committed 2432K, reserved 1048576K
}
Event: 21.167 GC heap before
{Heap before GC invocations=3 (full 0):
 garbage-first heap   total 393216K, used 44627K [0x0000000681800000, 0x0000000800000000)
  region size 4096K, 11 young (45056K), 2 survivors (8192K)
 Metaspace       used 21328K, committed 21504K, reserved 1073152K
  class space    used 2925K, committed 3008K, reserved 1048576K
}
Event: 21.171 GC heap after
{Heap after GC invocations=4 (full 0):
 garbage-first heap   total 393216K, used 13319K [0x0000000681800000, 0x0000000800000000)
  region size 4096K, 2 young (8192K), 2 survivors (8192K)
 Metaspace       used 21328K, committed 21504K, reserved 1073152K
  class space    used 2925K, committed 3008K, reserved 1048576K
}
Event: 22.200 GC heap before
{Heap before GC invocations=5 (full 0):
 garbage-first heap   total 69632K, used 46087K [0x0000000681800000, 0x0000000800000000)
  region size 4096K, 10 young (40960K), 2 survivors (8192K)
 Metaspace       used 27544K, committed 27840K, reserved 1073152K
  class space    used 3617K, committed 3776K, reserved 1048576K
}
Event: 22.209 GC heap after
{Heap after GC invocations=6 (full 0):
 garbage-first heap   total 69632K, used 17278K [0x0000000681800000, 0x0000000800000000)
  region size 4096K, 2 young (8192K), 2 survivors (8192K)
 Metaspace       used 27544K, committed 27840K, reserved 1073152K
  class space    used 3617K, committed 3776K, reserved 1048576K
}
Event: 22.239 GC heap before
{Heap before GC invocations=6 (full 0):
 garbage-first heap   total 69632K, used 21374K [0x0000000681800000, 0x0000000800000000)
  region size 4096K, 3 young (12288K), 2 survivors (8192K)
 Metaspace       used 27974K, committed 28224K, reserved 1081344K
  class space    used 3656K, committed 3776K, reserved 1048576K
}
Event: 22.244 GC heap after
{Heap after GC invocations=7 (full 0):
 garbage-first heap   total 69632K, used 17915K [0x0000000681800000, 0x0000000800000000)
  region size 4096K, 1 young (4096K), 1 survivors (4096K)
 Metaspace       used 27974K, committed 28224K, reserved 1081344K
  class space    used 3656K, committed 3776K, reserved 1048576K
}
Event: 22.586 GC heap before
{Heap before GC invocations=7 (full 0):
 garbage-first heap   total 69632K, used 42491K [0x0000000681800000, 0x0000000800000000)
  region size 4096K, 7 young (28672K), 1 survivors (4096K)
 Metaspace       used 30371K, committed 30656K, reserved 1081344K
  class space    used 4087K, committed 4224K, reserved 1048576K
}
Event: 22.589 GC heap after
{Heap after GC invocations=8 (full 0):
 garbage-first heap   total 69632K, used 20022K [0x0000000681800000, 0x0000000800000000)
  region size 4096K, 1 young (4096K), 1 survivors (4096K)
 Metaspace       used 30371K, committed 30656K, reserved 1081344K
  class space    used 4087K, committed 4224K, reserved 1048576K
}
Event: 22.945 GC heap before
{Heap before GC invocations=8 (full 0):
 garbage-first heap   total 69632K, used 44598K [0x0000000681800000, 0x0000000800000000)
  region size 4096K, 7 young (28672K), 1 survivors (4096K)
 Metaspace       used 32735K, committed 33024K, reserved 1081344K
  class space    used 4574K, committed 4736K, reserved 1048576K
}
Event: 22.949 GC heap after
{Heap after GC invocations=9 (full 0):
 garbage-first heap   total 69632K, used 23075K [0x0000000681800000, 0x0000000800000000)
  region size 4096K, 1 young (4096K), 1 survivors (4096K)
 Metaspace       used 32735K, committed 33024K, reserved 1081344K
  class space    used 4574K, committed 4736K, reserved 1048576K
}

