# JRE version: OpenJDK Runtime Environment (17.0+35) (build 17+35-2724)
# Java VM: OpenJDK 64-Bit Server VM (17+35-2724, mixed mode, sharing, tiered, compressed oops, compressed class ptrs, g1 gc, windows-amd64)
GC Precious Log:
 CPUs: 8 total, 8 available
 Memory: 24467M
 Large Page Support: Disabled
 NUMA Support: Disabled
 Compressed Oops: Enabled (Zero based)
 Heap Region Size: 4M
 Heap Min Capacity: 8M
 Heap Initial Capacity: 384M
 Heap Max Capacity: 6120M
 Pre-touch: Disabled
 Parallel Workers: 8
 Concurrent Workers: 2
 Concurrent Refinement Workers: 8
 Periodic GC: Disabled
Heap:
 garbage-first heap   total 139264K, used 97040K [0x0000000681800000, 0x0000000800000000)
  region size 4096K, 18 young (73728K), 1 survivors (4096K)
 Metaspace       used 36697K, committed 37056K, reserved 1081344K
  class space    used 4821K, committed 4992K, reserved 1048576K
GC Heap History (20 events):
Event: 1.304 GC heap before
{Heap before GC invocations=1 (full 0):
 garbage-first heap   total 393216K, used 26103K [0x0000000681800000, 0x0000000800000000)
  region size 4096K, 6 young (24576K), 1 survivors (4096K)
 Metaspace       used 6531K, committed 6720K, reserved 1056768K
  class space    used 643K, committed 704K, reserved 1048576K
}
Event: 1.308 GC heap after
{Heap after GC invocations=2 (full 0):
 garbage-first heap   total 393216K, used 6930K [0x0000000681800000, 0x0000000800000000)
  region size 4096K, 1 young (4096K), 1 survivors (4096K)
 Metaspace       used 6531K, committed 6720K, reserved 1056768K
  class space    used 643K, committed 704K, reserved 1048576K
}
Event: 3.451 GC heap before
{Heap before GC invocations=2 (full 0):
 garbage-first heap   total 393216K, used 88850K [0x0000000681800000, 0x0000000800000000)
  region size 4096K, 22 young (90112K), 1 survivors (4096K)
 Metaspace       used 17456K, committed 17664K, reserved 1064960K
  class space    used 2289K, committed 2368K, reserved 1048576K
}
Event: 3.458 GC heap after
{Heap after GC invocations=3 (full 0):
 garbage-first heap   total 393216K, used 11847K [0x0000000681800000, 0x0000000800000000)
  region size 4096K, 2 young (8192K), 2 survivors (8192K)
 Metaspace       used 17456K, committed 17664K, reserved 1064960K
  class space    used 2289K, committed 2368K, reserved 1048576K
}
Event: 3.921 GC heap before
{Heap before GC invocations=3 (full 0):
 garbage-first heap   total 393216K, used 44615K [0x0000000681800000, 0x0000000800000000)
  region size 4096K, 11 young (45056K), 2 survivors (8192K)
 Metaspace       used 21314K, committed 21504K, reserved 1073152K
  class space    used 2922K, committed 3008K, reserved 1048576K
}
Event: 3.925 GC heap after
{Heap after GC invocations=4 (full 0):
 garbage-first heap   total 393216K, used 13421K [0x0000000681800000, 0x0000000800000000)
  region size 4096K, 2 young (8192K), 2 survivors (8192K)
 Metaspace       used 21314K, committed 21504K, reserved 1073152K
  class space    used 2922K, committed 3008K, reserved 1048576K
}
Event: 5.284 GC heap before
{Heap before GC invocations=5 (full 0):
 garbage-first heap   total 69632K, used 46189K [0x0000000681800000, 0x0000000800000000)
  region size 4096K, 10 young (40960K), 2 survivors (8192K)
 Metaspace       used 27548K, committed 27904K, reserved 1073152K
  class space    used 3616K, committed 3776K, reserved 1048576K
}
Event: 5.291 GC heap after
{Heap after GC invocations=6 (full 0):
 garbage-first heap   total 69632K, used 17070K [0x0000000681800000, 0x0000000800000000)
  region size 4096K, 2 young (8192K), 2 survivors (8192K)
 Metaspace       used 27548K, committed 27904K, reserved 1073152K
  class space    used 3616K, committed 3776K, reserved 1048576K
}
Event: 5.327 GC heap before
{Heap before GC invocations=6 (full 0):
 garbage-first heap   total 69632K, used 21166K [0x0000000681800000, 0x0000000800000000)
  region size 4096K, 3 young (12288K), 2 survivors (8192K)
 Metaspace       used 27977K, committed 28224K, reserved 1073152K
  class space    used 3655K, committed 3776K, reserved 1048576K
}
Event: 5.330 GC heap after
{Heap after GC invocations=7 (full 0):
 garbage-first heap   total 69632K, used 17755K [0x0000000681800000, 0x0000000800000000)
  region size 4096K, 1 young (4096K), 1 survivors (4096K)
 Metaspace       used 27977K, committed 28224K, reserved 1073152K
  class space    used 3655K, committed 3776K, reserved 1048576K
}
Event: 5.724 GC heap before
{Heap before GC invocations=7 (full 0):
 garbage-first heap   total 69632K, used 42331K [0x0000000681800000, 0x0000000800000000)
  region size 4096K, 7 young (28672K), 1 survivors (4096K)
 Metaspace       used 30311K, committed 30592K, reserved 1081344K
  class space    used 4074K, committed 4224K, reserved 1048576K
}
Event: 5.728 GC heap after
{Heap after GC invocations=8 (full 0):
 garbage-first heap   total 69632K, used 19896K [0x0000000681800000, 0x0000000800000000)
  region size 4096K, 1 young (4096K), 1 survivors (4096K)
 Metaspace       used 30311K, committed 30592K, reserved 1081344K
  class space    used 4074K, committed 4224K, reserved 1048576K
}
Event: 6.105 GC heap before
{Heap before GC invocations=8 (full 0):
 garbage-first heap   total 69632K, used 44472K [0x0000000681800000, 0x0000000800000000)
  region size 4096K, 7 young (28672K), 1 survivors (4096K)
 Metaspace       used 32712K, committed 33024K, reserved 1081344K
  class space    used 4571K, committed 4736K, reserved 1048576K
}
Event: 6.110 GC heap after
{Heap after GC invocations=9 (full 0):
 garbage-first heap   total 69632K, used 22834K [0x0000000681800000, 0x0000000800000000)
  region size 4096K, 1 young (4096K), 1 survivors (4096K)
 Metaspace       used 32712K, committed 33024K, reserved 1081344K
  class space    used 4571K, committed 4736K, reserved 1048576K
}
Event: 6.507 GC heap before
{Heap before GC invocations=9 (full 0):
 garbage-first heap   total 69632K, used 47410K [0x0000000681800000, 0x0000000800000000)
  region size 4096K, 7 young (28672K), 1 survivors (4096K)
 Metaspace       used 34110K, committed 34432K, reserved 1081344K
  class space    used 4695K, committed 4864K, reserved 1048576K
}
Event: 6.513 GC heap after
{Heap after GC invocations=10 (full 0):
 garbage-first heap   total 69632K, used 29002K [0x0000000681800000, 0x0000000800000000)
  region size 4096K, 1 young (4096K), 1 survivors (4096K)
 Metaspace       used 34110K, committed 34432K, reserved 1081344K
  class space    used 4695K, committed 4864K, reserved 1048576K
}
Event: 11.953 GC heap before
{Heap before GC invocations=10 (full 0):
 garbage-first heap   total 69632K, used 45386K [0x0000000681800000, 0x0000000800000000)
  region size 4096K, 5 young (20480K), 1 survivors (4096K)
 Metaspace       used 35369K, committed 35712K, reserved 1081344K
  class space    used 4749K, committed 4928K, reserved 1048576K
}
Event: 11.958 GC heap after
{Heap after GC invocations=11 (full 0):
 garbage-first heap   total 233472K, used 31314K [0x0000000681800000, 0x0000000800000000)
  region size 4096K, 1 young (4096K), 1 survivors (4096K)
 Metaspace       used 35369K, committed 35712K, reserved 1081344K
  class space    used 4749K, committed 4928K, reserved 1048576K
}
Event: 41.596 GC heap before
{Heap before GC invocations=11 (full 0):
 garbage-first heap   total 233472K, used 39506K [0x0000000681800000, 0x0000000800000000)
  region size 4096K, 4 young (16384K), 1 survivors (4096K)
 Metaspace       used 35861K, committed 36096K, reserved 1081344K
  class space    used 4806K, committed 4928K, reserved 1048576K
}
Event: 41.599 GC heap after
{Heap after GC invocations=12 (full 0):
 garbage-first heap   total 233472K, used 31504K [0x0000000681800000, 0x0000000800000000)
  region size 4096K, 1 young (4096K), 1 survivors (4096K)
 Metaspace       used 35861K, committed 36096K, reserved 1081344K
  class space    used 4806K, committed 4928K, reserved 1048576K
}

