# JRE version: OpenJDK Runtime Environment (17.0+35) (build 17+35-2724)
# Java VM: OpenJDK 64-Bit Server VM (17+35-2724, mixed mode, sharing, tiered, compressed oops, compressed class ptrs, g1 gc, windows-amd64)
GC Precious Log:
 CPUs: 8 total, 8 available
 Memory: 24467M
 Large Page Support: Disabled
 NUMA Support: Disabled
 Compressed Oops: Enabled (Zero based)
 Heap Region Size: 4M
 Heap Min Capacity: 8M
 Heap Initial Capacity: 384M
 Heap Max Capacity: 6120M
 Pre-touch: Disabled
 Parallel Workers: 8
 Concurrent Workers: 2
 Concurrent Refinement Workers: 8
 Periodic GC: Disabled
Heap:
 garbage-first heap   total 139264K, used 85484K [0x0000000681800000, 0x0000000800000000)
  region size 4096K, 13 young (53248K), 2 survivors (8192K)
 Metaspace       used 40304K, committed 40704K, reserved 1089536K
  class space    used 5219K, committed 5440K, reserved 1048576K
GC Heap History (20 events):
Event: 4.761 GC heap before
{Heap before GC invocations=6 (full 0):
 garbage-first heap   total 69632K, used 21391K [0x0000000681800000, 0x0000000800000000)
  region size 4096K, 3 young (12288K), 2 survivors (8192K)
 Metaspace       used 27952K, committed 28288K, reserved 1073152K
  class space    used 3662K, committed 3840K, reserved 1048576K
}
Event: 4.765 GC heap after
{Heap after GC invocations=7 (full 0):
 garbage-first heap   total 69632K, used 17948K [0x0000000681800000, 0x0000000800000000)
  region size 4096K, 1 young (4096K), 1 survivors (4096K)
 Metaspace       used 27952K, committed 28288K, reserved 1073152K
  class space    used 3662K, committed 3840K, reserved 1048576K
}
Event: 5.135 GC heap before
{Heap before GC invocations=7 (full 0):
 garbage-first heap   total 69632K, used 42524K [0x0000000681800000, 0x0000000800000000)
  region size 4096K, 7 young (28672K), 1 survivors (4096K)
 Metaspace       used 30422K, committed 30656K, reserved 1081344K
  class space    used 4101K, committed 4224K, reserved 1048576K
}
Event: 5.138 GC heap after
{Heap after GC invocations=8 (full 0):
 garbage-first heap   total 69632K, used 20102K [0x0000000681800000, 0x0000000800000000)
  region size 4096K, 1 young (4096K), 1 survivors (4096K)
 Metaspace       used 30422K, committed 30656K, reserved 1081344K
  class space    used 4101K, committed 4224K, reserved 1048576K
}
Event: 5.514 GC heap before
{Heap before GC invocations=8 (full 0):
 garbage-first heap   total 69632K, used 44678K [0x0000000681800000, 0x0000000800000000)
  region size 4096K, 7 young (28672K), 1 survivors (4096K)
 Metaspace       used 32858K, committed 33088K, reserved 1081344K
  class space    used 4593K, committed 4736K, reserved 1048576K
}
Event: 5.518 GC heap after
{Heap after GC invocations=9 (full 0):
 garbage-first heap   total 69632K, used 23187K [0x0000000681800000, 0x0000000800000000)
  region size 4096K, 1 young (4096K), 1 survivors (4096K)
 Metaspace       used 32858K, committed 33088K, reserved 1081344K
  class space    used 4593K, committed 4736K, reserved 1048576K
}
Event: 5.954 GC heap before
{Heap before GC invocations=9 (full 0):
 garbage-first heap   total 69632K, used 43667K [0x0000000681800000, 0x0000000800000000)
  region size 4096K, 7 young (28672K), 1 survivors (4096K)
 Metaspace       used 34197K, committed 34496K, reserved 1081344K
  class space    used 4696K, committed 4864K, reserved 1048576K
}
Event: 5.960 GC heap after
{Heap after GC invocations=10 (full 0):
 garbage-first heap   total 69632K, used 29664K [0x0000000681800000, 0x0000000800000000)
  region size 4096K, 1 young (4096K), 1 survivors (4096K)
 Metaspace       used 34197K, committed 34496K, reserved 1081344K
  class space    used 4696K, committed 4864K, reserved 1048576K
}
Event: 8.458 GC heap before
{Heap before GC invocations=10 (full 0):
 garbage-first heap   total 69632K, used 46048K [0x0000000681800000, 0x0000000800000000)
  region size 4096K, 5 young (20480K), 1 survivors (4096K)
 Metaspace       used 35306K, committed 35584K, reserved 1081344K
  class space    used 4748K, committed 4864K, reserved 1048576K
}
Event: 8.463 GC heap after
{Heap after GC invocations=11 (full 0):
 garbage-first heap   total 233472K, used 31077K [0x0000000681800000, 0x0000000800000000)
  region size 4096K, 1 young (4096K), 1 survivors (4096K)
 Metaspace       used 35306K, committed 35584K, reserved 1081344K
  class space    used 4748K, committed 4864K, reserved 1048576K
}
Event: 9.318 GC heap before
{Heap before GC invocations=11 (full 0):
 garbage-first heap   total 233472K, used 35173K [0x0000000681800000, 0x0000000800000000)
  region size 4096K, 3 young (12288K), 1 survivors (4096K)
 Metaspace       used 35755K, committed 35968K, reserved 1081344K
  class space    used 4813K, committed 4928K, reserved 1048576K
}
Event: 9.320 GC heap after
{Heap after GC invocations=12 (full 0):
 garbage-first heap   total 233472K, used 31679K [0x0000000681800000, 0x0000000800000000)
  region size 4096K, 1 young (4096K), 1 survivors (4096K)
 Metaspace       used 35755K, committed 35968K, reserved 1081344K
  class space    used 4813K, committed 4928K, reserved 1048576K
}
Event: 15.300 GC heap before
{Heap before GC invocations=13 (full 0):
 garbage-first heap   total 139264K, used 109503K [0x0000000681800000, 0x0000000800000000)
  region size 4096K, 20 young (81920K), 1 survivors (4096K)
 Metaspace       used 39142K, committed 39488K, reserved 1089536K
  class space    used 5169K, committed 5376K, reserved 1048576K
}
Event: 15.308 GC heap after
{Heap after GC invocations=14 (full 0):
 garbage-first heap   total 139264K, used 40710K [0x0000000681800000, 0x0000000800000000)
  region size 4096K, 3 young (12288K), 3 survivors (12288K)
 Metaspace       used 39142K, committed 39488K, reserved 1089536K
  class space    used 5169K, committed 5376K, reserved 1048576K
}
Event: 16.974 GC heap before
{Heap before GC invocations=14 (full 0):
 garbage-first heap   total 139264K, used 44806K [0x0000000681800000, 0x0000000800000000)
  region size 4096K, 4 young (16384K), 3 survivors (12288K)
 Metaspace       used 39183K, committed 39552K, reserved 1089536K
  class space    used 5169K, committed 5376K, reserved 1048576K
}
Event: 16.991 GC heap after
{Heap after GC invocations=15 (full 0):
 garbage-first heap   total 139264K, used 41715K [0x0000000681800000, 0x0000000800000000)
  region size 4096K, 1 young (4096K), 1 survivors (4096K)
 Metaspace       used 39183K, committed 39552K, reserved 1089536K
  class space    used 5169K, committed 5376K, reserved 1048576K
}
Event: 27.361 GC heap before
{Heap before GC invocations=15 (full 0):
 garbage-first heap   total 139264K, used 94963K [0x0000000681800000, 0x0000000800000000)
  region size 4096K, 14 young (57344K), 1 survivors (4096K)
 Metaspace       used 39671K, committed 40064K, reserved 1089536K
  class space    used 5198K, committed 5376K, reserved 1048576K
}
Event: 27.373 GC heap after
{Heap after GC invocations=16 (full 0):
 garbage-first heap   total 139264K, used 44379K [0x0000000681800000, 0x0000000800000000)
  region size 4096K, 2 young (8192K), 2 survivors (8192K)
 Metaspace       used 39671K, committed 40064K, reserved 1089536K
  class space    used 5198K, committed 5376K, reserved 1048576K
}
Event: 42.531 GC heap before
{Heap before GC invocations=17 (full 0):
 garbage-first heap   total 139264K, used 97627K [0x0000000681800000, 0x0000000800000000)
  region size 4096K, 15 young (61440K), 2 survivors (8192K)
 Metaspace       used 40013K, committed 40384K, reserved 1089536K
  class space    used 5201K, committed 5376K, reserved 1048576K
}
Event: 42.534 GC heap after
{Heap after GC invocations=18 (full 0):
 garbage-first heap   total 139264K, used 44524K [0x0000000681800000, 0x0000000800000000)
  region size 4096K, 2 young (8192K), 2 survivors (8192K)
 Metaspace       used 40013K, committed 40384K, reserved 1089536K
  class space    used 5201K, committed 5376K, reserved 1048576K
}

